0 info it worked if it ends with ok
1 verbose cli [ '/usr/local/bin/node',
1 verbose cli   '/usr/local/bin/npm',
1 verbose cli   'install',
1 verbose cli   'boostrap@3' ]
2 info using npm@2.15.9
3 info using node@v4.6.0
4 verbose install initial load of /Users/steph0706/Documents/comp20/comp20-s2017-team14/package.json
5 warn package.json audiowned@0.0.1 No repository field.
6 warn package.json audiowned@0.0.1 No license field.
7 verbose installManyTop reading scoped package data from /Users/steph0706/Documents/comp20/comp20-s2017-team14/node_modules/ejs/package.json
8 verbose installManyTop reading scoped package data from /Users/steph0706/Documents/comp20/comp20-s2017-team14/node_modules/express/package.json
9 verbose installManyTop reading scoped package data from /Users/steph0706/Documents/comp20/comp20-s2017-team14/node_modules/mongodb/package.json
10 info package.json ejs@1.0.0 No license field.
11 verbose readDependencies loading dependencies from /Users/steph0706/Documents/comp20/comp20-s2017-team14/package.json
12 silly cache add args [ 'boostrap@3', null ]
13 verbose cache add spec boostrap@3
14 silly cache add parsed spec Result {
14 silly cache add   raw: 'boostrap@3',
14 silly cache add   scope: null,
14 silly cache add   name: 'boostrap',
14 silly cache add   rawSpec: '3',
14 silly cache add   spec: '>=3.0.0 <4.0.0',
14 silly cache add   type: 'range' }
15 silly addNamed boostrap@>=3.0.0 <4.0.0
16 verbose addNamed ">=3.0.0 <4.0.0" is a valid semver range for boostrap
17 silly addNameRange { name: 'boostrap', range: '>=3.0.0 <4.0.0', hasData: false }
18 silly mapToRegistry name boostrap
19 silly mapToRegistry using default registry
20 silly mapToRegistry registry https://registry.npmjs.org/
21 silly mapToRegistry data Result {
21 silly mapToRegistry   raw: 'boostrap',
21 silly mapToRegistry   scope: null,
21 silly mapToRegistry   name: 'boostrap',
21 silly mapToRegistry   rawSpec: '',
21 silly mapToRegistry   spec: 'latest',
21 silly mapToRegistry   type: 'tag' }
22 silly mapToRegistry uri https://registry.npmjs.org/boostrap
23 verbose addNameRange registry:https://registry.npmjs.org/boostrap not in flight; fetching
24 verbose request uri https://registry.npmjs.org/boostrap
25 verbose request no auth needed
26 info attempt registry request try #1 at 10:15:25 PM
27 verbose request id 95ca080edab24473
28 http request GET https://registry.npmjs.org/boostrap
29 http 200 https://registry.npmjs.org/boostrap
30 verbose headers { server: 'nginx/1.10.1',
30 verbose headers   'content-type': 'application/json',
30 verbose headers   'last-modified': 'Tue, 21 Mar 2017 20:16:30 GMT',
30 verbose headers   etag: 'W/"58d18a1e-467"',
30 verbose headers   'content-encoding': 'gzip',
30 verbose headers   'cache-control': 'max-age=300',
30 verbose headers   'content-length': '560',
30 verbose headers   'accept-ranges': 'bytes',
30 verbose headers   date: 'Fri, 31 Mar 2017 02:15:25 GMT',
30 verbose headers   via: '1.1 varnish',
30 verbose headers   age: '0',
30 verbose headers   connection: 'keep-alive',
30 verbose headers   'x-served-by': 'cache-atl6241-ATL',
30 verbose headers   'x-cache': 'MISS',
30 verbose headers   'x-cache-hits': '0',
30 verbose headers   'x-timer': 'S1490926525.307354,VS0,VE119',
30 verbose headers   vary: 'Accept-Encoding' }
31 silly get cb [ 200,
31 silly get   { server: 'nginx/1.10.1',
31 silly get     'content-type': 'application/json',
31 silly get     'last-modified': 'Tue, 21 Mar 2017 20:16:30 GMT',
31 silly get     etag: 'W/"58d18a1e-467"',
31 silly get     'content-encoding': 'gzip',
31 silly get     'cache-control': 'max-age=300',
31 silly get     'content-length': '560',
31 silly get     'accept-ranges': 'bytes',
31 silly get     date: 'Fri, 31 Mar 2017 02:15:25 GMT',
31 silly get     via: '1.1 varnish',
31 silly get     age: '0',
31 silly get     connection: 'keep-alive',
31 silly get     'x-served-by': 'cache-atl6241-ATL',
31 silly get     'x-cache': 'MISS',
31 silly get     'x-cache-hits': '0',
31 silly get     'x-timer': 'S1490926525.307354,VS0,VE119',
31 silly get     vary: 'Accept-Encoding' } ]
32 verbose get saving boostrap to /Users/steph0706/.npm/registry.npmjs.org/boostrap/.cache.json
33 verbose correctMkdir /Users/steph0706/.npm correctMkdir not in flight; initializing
34 silly addNameRange number 2 { name: 'boostrap', range: '>=3.0.0 <4.0.0', hasData: true }
35 silly addNameRange versions [ 'boostrap', [ '1.0.0' ] ]
36 verbose stack Error: No compatible version found: boostrap@'>=3.0.0 <4.0.0'
36 verbose stack Valid install targets:
36 verbose stack ["1.0.0"]
36 verbose stack
36 verbose stack     at installTargetsError (/usr/local/lib/node_modules/npm/lib/cache/add-named.js:284:12)
36 verbose stack     at next (/usr/local/lib/node_modules/npm/lib/cache/add-named.js:262:19)
36 verbose stack     at setData (/usr/local/lib/node_modules/npm/lib/cache/add-named.js:236:5)
36 verbose stack     at RES (/usr/local/lib/node_modules/npm/node_modules/inflight/inflight.js:23:14)
36 verbose stack     at f (/usr/local/lib/node_modules/npm/node_modules/once/once.js:17:25)
36 verbose stack     at fixName (/usr/local/lib/node_modules/npm/lib/cache/add-named.js:29:5)
36 verbose stack     at saved (/usr/local/lib/node_modules/npm/lib/cache/caching-client.js:173:7)
36 verbose stack     at /usr/local/lib/node_modules/npm/node_modules/graceful-fs/polyfills.js:210:7
36 verbose stack     at FSReqWrap.oncomplete (fs.js:82:15)
37 verbose cwd /Users/steph0706/Documents/comp20/comp20-s2017-team14
38 error Darwin 14.5.0
39 error argv "/usr/local/bin/node" "/usr/local/bin/npm" "install" "boostrap@3"
40 error node v4.6.0
41 error npm  v2.15.9
42 error code ETARGET
43 error notarget No compatible version found: boostrap@'>=3.0.0 <4.0.0'
43 error notarget Valid install targets:
43 error notarget ["1.0.0"]
43 error notarget
43 error notarget This is most likely not a problem with npm itself.
43 error notarget In most cases you or one of your dependencies are requesting
43 error notarget a package version that doesn't exist.
43 error notarget
43 error notarget It was specified as a dependency of 'audiowned'
44 verbose exit [ 1, true ]
